----------------------------------------------------------------
20130929173218 - 1
20130929173218->20130929173459
----------------------------------------------------------------
20131002214451 - 1
20131002214451->20131002214456
----------------------------------------------------------------
20131002214658 - 1
20131002214658->20131002214755
----------------------------------------------------------------
20131003222246 - 1
20131003222255 - Sprite Library:SPRITEFREE - 101 - the specified sprite is not in use
20131003222246->20131003222255
----------------------------------------------------------------
20131004000234 - 1
20131004000234->20131004000237
----------------------------------------------------------------
20131004034936 - 
20131004034936 - Main Program -  (20131004034936 - Main Program -  (20131004034936 - Main Program -  (20131004034936 - Main Program -  (20131004034936 - Main Program -  (20131004034936 - Main Program -  (20131004034936 - Main Program -  (20131004034936 - Main Program -  (20131004034936 - Main Program -  (20131004034937 - Main Program -  (20131004034937 - Main Program -  (20131004034937 - Main Program -  (20131004034937 - Main Program -  (20131004034937 - Main Program -  (20131004034937 - Main Program -  (20131004034937 - Main Program -  (20131004034937 - Main Program -  (20131004034937 - Main Program -  (20131004034937 - Main Program -  (20131004034937 - Main Program -  (20131004034937 - Main Program -  (20131004034937 - Main Program -  (20131004034937 - Main Program -  (20131004034937 - Main Program -  (20131004034937 - Main Program -  (20131004034937 - Main Program -  (20131004034937 - Main Program -  (20131004034937 - Main Program -  (20131004034937 - Main Program -  (20131004034937 - Main Program -  (20131004034937 - Main Program -  (20131004034937 - Main Program -  (20131004034937 - Main Program -  (20131004034937 - Main Program -  (20131004034937 - Main Program -  (20131004034937 - Main Program -  (20131004034937 - Main Program -  (20131004034937 - Main Program -  (20131004034937 - Main Program -  (20131004034937 - Main Program -  (20131004034937 - Main Program -  (20131004034937 - Main Program -  (20131004034937 - Main Program -  (20131004034937 - Main Program -  (20131004034937 - Main Program -  (20131004034937 - Main Program -  (20131004034937 - Main Program -  (20131004034937 - Main Program -  (20131004034937 - Main Program -  (20131004034937 - Main Program -  (20131004034937 - Main Program -  (20131004034937 - Main Program -  (20131004034937 - Main Program -  (20131004034937 - Main Program -  (20131004034937 - Main Program -  (20131004034937 - Main Program -  (20131004034937 - Main Program -  (20131004034938 - Main Program -  (20131004034938 - Main Program -  (20131004034938 - Main Program -  (20131004034938 - Main Program -  (20131004034938 - Main Program -  (20131004034938 - Main Program -  (20131004034938 - Main Program -  (20131004034938 - Main Program -  (20131004034938 - Main Program -  (20131004034938 - Main Program -  (20131004034938 - Main Program -  (20131004034938 - Main Program -  (20131004034938 - Main Program -  (20131004034938 - Main Program -  (20131004034938 - Main Program -  (20131004034938 - Main Program -  (20131004034938 - Main Program -  (20131004034938 - Main Program -  (20131004034938 - Main Program -  (20131004034938 - Main Program -  (20131004034938 - Main Program -  (20131004034938 - Main Program -  (20131004034938 - Main Program -  (20131004034938 - Main Program -  (20131004034938 - Main Program -  (20131004034938 - Main Program -  (20131004034938 - Main Program -  (20131004034938 - Main Program -  (20131004034938 - Main Program -  (20131004034938 - Main Program -  (20131004034938 - Main Program -  (20131004034938 - Main Program -  (20131004034938 - Main Program -  (20131004034938 - Main Program -  (20131004034938 - Main Program -  (20131004034938 - Main Program -  (20131004034938 - Main Program -  (20131004034938 - Main Program -  (20131004034938 - Main Program -  (20131004034938 - Main Program -  (20131004034938 - Main Program -  (20131004034938 - Main Program -  (20131004034938 - Main Program -  (20131004034938 - Main Program -  (20131004034938 - Main Program -  (20131004034938 - Main Program -  (20131004034938 - Main Program -  (20131004034938 - Main Program -  (20131004034938 - Main Program -  (20131004034938 - Main Program -  (20131004034938 - Main Program -  (20131004034938 - Main Program -  (20131004034938 - Main Program -  (20131004034938 - Main Program -  (20131004034938 - Main Program -  (20131004034938 - Main Program -  (20131004034938 - Main Program -  (20131004034938 - Main Program -  (20131004034938 - Main Program -  (20131004034938 - Main Program -  (20131004034939 - Main Program -  (20131004034939 - Main Program -  (20131004034939 - Main Program -  (20131004034939 - Main Program -  (20131004034939 - Main Program -  (20131004034939 - Main Program -  (20131004034939 - Main Program -  (20131004034939 - Main Program -  (20131004034939 - Main Program -  (20131004034939 - Main Program -  (20131004034939 - Main Program -  (20131004034939 - Main Program -  (20131004034939 - Main Program -  (20131004034939 - Main Program -  (20131004034939 - Main Program -  (20131004034939 - Main Program -  (20131004034939 - Main Program -  (20131004034939 - Main Program -  (20131004034939 - Main Program -  (20131004034939 - Main Program -  (20131004034939 - Main Program -  (20131004034939 - Main Program -  (20131004034939 - Main Program -  (20131004034939 - Main Program -  (20131004034939 - Main Program -  (20131004034939 - Main Program -  (20131004034939 - Main Program -  (20131004034939 - Main Program -  (20131004034939 - Main Program -  (20131004034939 - Main Program -  (20131004034939 - Main Program -  (20131004034939 - Main Program -  (20131004034939 - Main Program -  (20131004034939 - Main Program -  (20131004034939 - Main Program -  (20131004034939 - Main Program -  (20131004034939 - Main Program -  (20131004034939 - Main Program -  (20131004034939 - Main Program -  (20131004034939 - Main Program -  (20131004034939 - Main Program -  (20131004034939 - Main Program -  (20131004034939 - Main Program -  (20131004034939 - Main Program -  (20131004034939 - Main Program -  (20131004034939 - Main Program -  (20131004034939 - Main Program -  (20131004034939 - Main Program -  (20131004034939 - Main Program -  (20131004034939 - Main Program -  (20131004034939 - Main Program -  (20131004034939 - Main Program -  (20131004034939 - Main Program -  (20131004034939 - Main Program -  (20131004034939 - Main Program -  (20131004034939 - Main Program -  (20131004034939 - Main Program -  (20131004034940 - Main Program -  (20131004034940 - Main Program -  (20131004034940 - Main Program -  (20131004034940 - Main Program -  (20131004034940 - Main Program -  (20131004034940 - Main Program -  (20131004034940 - Main Program -  (20131004034940 - Main Program -  (20131004034940 - Main Program -  (20131004034940 - Main Program -  (20131004034940 - Main Program -  (20131004034940 - Main Program -  (20131004034940 - Main Program -  (20131004034940 - Main Program -  (20131004034940 - Main Program -  (20131004034940 - Main Program -  (20131004034940 - Main Program -  (20131004034940 - Main Program -  (20131004034940 - Main Program -  (20131004034940 - Main Program -  (20131004034940 - Main Program -  (20131004034940 - Main Program -  (20131004034940 - Main Program -  (20131004034940 - Main Program -  (20131004034940 - Main Program -  (20131004034940 - Main Program -  (20131004034940 - Main Program -  (20131004034940 - Main Program -  (20131004034940 - Main Program -  (20131004034940 - Main Program -  (20131004034940 - Main Program -  (20131004034940 - Main Program -  (20131004034940 - Main Program -  (20131004034940 - Main Program -  (20131004034940 - Main Program -  (20131004034940 - Main Program -  (20131004034940 - Main Program -  (20131004034940 - Main Program -  (20131004034940 - Main Program -  (20131004034940 - Main Program -  (20131004034940 - Main Program -  (20131004034940 - Main Program -  (20131004034940 - Main Program -  (20131004034940 - Main Program -  (20131004034940 - Main Program -  (20131004034940 - Main Program -  (20131004034940 - Main Program -  (20131004034940 - Main Program -  (20131004034940 - Main Program -  (20131004034940 - Main Program -  (20131004034940 - Main Program -  (20131004034940 - Main Program -  (20131004034940 - Main Program -  (20131004034940 - Main Program -  (20131004034940 - Main Program -  (20131004034940 - Main Program -  (20131004034940 - Main Program -  (20131004034940 - Main Program -  (20131004034940 - Main Program -  (20131004034940 - Main Program -  (20131004034941 - Main Program -  (20131004034941 - Main Program -  (20131004034941 - Main Program -  (20131004034941 - Main Program -  (20131004034941 - Main Program -  (20131004034941 - Main Program -  (20131004034941 - Main Program -  (20131004034941 - Main Program -  (20131004034941 - Main Program -  (20131004034941 - Main Program -  (20131004034941 - Main Program -  (20131004034941 - Main Program -  (20131004034941 - Main Program -  (20131004034941 - Main Program -  (20131004034941 - Main Program -  (20131004034941 - Main Program -  (20131004034941 - Main Program -  (20131004034941 - Main Program -  (20131004034941 - Main Program -  (20131004034941 - Main Program -  (20131004034941 - Main Program -  (20131004034941 - Main Program -  (20131004034941 - Main Program -  (20131004034941 - Main Program -  ( (20131004034941 - Main Program -  ( (20131004034941 - Main Program -  ( (20131004034941 - Main Program -  ( (20131004034941 - Main Program -  ( (20131004034941 - Main Program -  ( (20131004034941 - Main Program -  ( (20131004034941 - Main Program -  ( (20131004034941 - Main Program -  ( (20131004034941 - Main Program -  ( (20131004034941 - Main Program -  ( (20131004034941 - Main Program -  ( (20131004034941 - Main Program -  ( (20131004034941 - Main Program -  ( (20131004034941 - Main Program -  ( (20131004034941 - Main Program -  ( (20131004034941 - Main Program -  ( (20131004034941 - Main Program -  ( (20131004034941 - Main Program -  ( (20131004034941 - Main Program -  ( (20131004034941 - Main Program -  ( (20131004034941 - Main Program -  ( (20131004034941 - Main Program -  ( (20131004034941 - Main Program -  ( (20131004034941 - Main Program -  ( (20131004034941 - Main Program -  ( (20131004034941 - Main Program -  ( (20131004034941 - Main Program -  ( (20131004034941 - Main Program -  ( (20131004034941 - Main Program -  ( (20131004034941 - Main Program -  ( (20131004034941 - Main Program -  ( (20131004034941 - Main Program -  ( (20131004034941 - Main Program -  ( (20131004034941 - Main Program -  ( (20131004034941 - Main Program -  ( (20131004034941 - Main Program -  ( (20131004034941 - Main Program -  ( (20131004034941 - Main Program -  ( (20131004034941 - Main Program -  ( (20131004034941 - Main Program -  ( (20131004034941 - Main Program -  ( (20131004034941 - Main Program -  ( (20131004034941 - Main Program -  ( (20131004034941 - Main Program -  ( (20131004034941 - Main Program -  ( (20131004034941 - Main Program -  ( (20131004034941 - Main Program -  ( (20131004034941 - Main Program -  ( (20131004034941 - Main Program -  ( (20131004034941 - Main Program -  ( (20131004034941 - Main Program -  ( (20131004034941 - Main Program -  ( (20131004034941 - Main Program -  ( (20131004034941 - Main Program -  ( (20131004034941 - Main Program -  ( (20131004034941 - Main Program -  ( (20131004034941 - Main Program -  ( (20131004034941 - Main Program -  ( (20131004034941 - Main Program -  ( (20131004034941 - Main Program -  ( (20131004034941 - Main Program -  ( (20131004034941 - Main Program -  ( (20131004034941 - Main Program -  ( (20131004034941 - Main Program -  ( (20131004034941 - Main Program -  ( (20131004034941 - Main Program -  ( (20131004034941 - Main Program -  ( (20131004034941 - Main Program -  ( (20131004034941 - Main Program -  ( (20131004034941 - Main Program -  ( (20131004034941 - Main Program -  ( (20131004034941 - Main Program -  ( (20131004034941 - Main Program -  ( (20131004034941 - Main Program -  ( (20131004034941 - Main Program -  ( (20131004034941 - Main Program -  ( (20131004034941 - Main Program -  ( (20131004034941 - Main Program -  ( (20131004034941 - Main Program -  ( (20131004034941 - Main Program -  ( (20131004034941 - Main Program -  ( (20131004034941 - Main Program -  ( (20131004034941 - Main Program -  ( (20131004034941 - Main Program -  ( (20131004034941 - Main Program -  ( (20131004034941 - Main Program -  ( (20131004034941 - Main Program -  ( (20131004034941 - Main Program -  ( (20131004034941 - Main Program -  ( (20131004034941 - Main Program -  ( (20131004034941 - Main Program -  ( (20131004034941 - Main Program -  ( (20131004034941 - Main Program -  ( (20131004034941 - Main Program -  ( (20131004034941 - Main Program -  ( (20131004034941 - Main Program -  ( (20131004034941 - Main Program -  ( (20131004034941 - Main Program -  ( (20131004034941 - Main Program -  ( (20131004034941 - Main Program -  ( (20131004034941 - Main Program -  ( (20131004034941 - Main Program -  ( (20131004034941 - Main Program -  ( (20131004034941 - Main Program -  ( (20131004034941 - Main Program -  ( (20131004034941 - Main Program -  ( (20131004034941 - Main Program -  ( (20131004034941 - Main Program -  ( (20131004034941 - Main Program -  ( (20131004034941 - Main Program -  ( (20131004034941 - Main Program -  ( (20131004034941 - Main Program -  ( (20131004034941 - Main Program -  ( (20131004034941 - Main Program -  ( (20131004034941 - Main Program -  ( (20131004034941 - Main Program -  ( (20131004034941 - Main Program -  ( (20131004034941 - Main Program -  ( (20131004034941 - Main Program -  ( (20131004034941 - Main Program -  ( (20131004034941 - Main Program -  ( (20131004034941 - Main Program -  ( (20131004034941 - Main Program -  ( (20131004034941 - Main Program -  ( (20131004034941 - Main Program -  ( (20131004034941 - Main Program -  ( (20131004034941 - Main Program -  ( (20131004034941 - Main Program -  ( (20131004034941 - Main Program -  ( (20131004034941 - Main Program -  ( (20131004034941 - Main Program -  ( (20131004034941 - Main Program -  ( (20131004034941 - Main Program -  ( (20131004034941 - Main Program -  ( (20131004034941 - Main Program -  ( (20131004034941 - Main Program -  ( (20131004034941 - Main Program -  ( (20131004034941 - Main Program -  ( (20131004034941 - Main Program -  ( (20131004034941 - Main Program -  ( (20131004034941 - Main Program -  ( (20131004034941 - Main Program -  ( (20131004034941 - Main Program -  ( (20131004034941 - Main Program -  ( (20131004034941 - Main Program -  ( (20131004034941 - Main Program -  ( (20131004034941 - Main Program -  ( (20131004034941 - Main Program -  ( (20131004034941 - Main Program -  ( (20131004034941 - Main Program -  ( (20131004034941 - Main Program -  ( (20131004034941 - Main Program -  ( (20131004034941 - Main Program -  ( (20131004034941 - Main Program -  ( (20131004034941 - Main Program -  ( (20131004034941 - Main Program -  ( (20131004034941 - Main Program -  ( (20131004034941 - Main Program -  ( (20131004034941 - Main Program -  ( (20131004034941 - Main Program -  ( (20131004034941 - Main Program -  ( (20131004034941 - Main Program -  ( (20131004034941 - Main Program -  ( (20131004034941 - Main Program -  ( (20131004034941 - Main Program -  ( (20131004034941 - Main Program -  ( (20131004034941 - Main Program -  ( (20131004034941 - Main Program -  ( (20131004034941 - Main Program -  ( (20131004034941 - Main Program -  ( (20131004034941 - Main Program -  ( (20131004034941 - Main Program -  ( (20131004034941 - Main Program -  ( (20131004034941 - Main Program -  ( (20131004034941 - Main Program -  ( (20131004034941 - Main Program -  ( (20131004034941 - Main Program -  ( (20131004034941 - Main Program -  ( (20131004034941 - Main Program -  ( (20131004034941 - Main Program -  ( (20131004034941 - Main Program -  ( (20131004034941 - Main Program -  ( (20131004034941 - Main Program -  ( (20131004034941 - Main Program -  ( (20131004034941 - Main Program -  ( (20131004034941 - Main Program -  ( (20131004034941 - Main Program -  ( (20131004034941 - Main Program -  ( (20131004034941 - Main Program -  ( (20131004034941 - Main Program -  ( (20131004034941 - Main Program -  ( (20131004034941 - Main Program -  ( (20131004034941 - Main Program -  ( (20131004034941 - Main Program -  ( (20131004034941 - Main Program -  ( (20131004034941 - Main Program -  ( (20131004034941 - Main Program -  ( (20131004034941 - Main Program -  ( (20131004034941 - Main Program -  ( (20131004034941 - Main Program -  ( (20131004034941 - Main Program -  ( (20131004034941 - Main Program -  ( (20131004034941 - Main Program -  ( (20131004034941 - Main Program -  ( (20131004034941 - Main Program -  ( (20131004034941 - Main Program -  ( (20131004034941 - Main Program -  ( (20131004034941 - Main Program -  ( (20131004034941 - Main Program -  ( (20131004034941 - Main Program -  ( (20131004034941 - Main Program -  ( (20131004034941 - Main Program -  ( (20131004034941 - Main Program -  ( (20131004034941 - Main Program -  ( (20131004034941 - Main Program -  ( (20131004034941 - Main Program -  ( (20131004034941 - Main Program -  ( (20131004034941 - Main Program -  ( (20131004034941 - Main Program -  ( (20131004034941 - Main Program -  ( (20131004034941 - Main Program -  ( (20131004034941 - Main Program -  ( (20131004034941 - Main Program -  ( (20131004034941 - Main Program -  ( (20131004034941 - Main Program -  ( (20131004034941 - Main Program -  ( (20131004034941 - Main Program -  ( (20131004034941 - Main Program -  ( (20131004034941 - Main Program -  ( (20131004034941 - Main Program -  ( (20131004034941 - Main Program -  ( (20131004034941 - Main Program -  ( (20131004034941 - Main Program -  ( (20131004034941 - Main Program -  ( (20131004034941 - Main Program -  ( (20131004034941 - Main Program -  ( (20131004034941 - Main Program -  ( (20131004034941 - Main Program -  ( (20131004034941 - Main Program -  ( (20131004034941 - Main Program -  ( (20131004034941 - Main Program -  ( (20131004034941 - Main Program -  ( (20131004034941 - Main Program -  ( (20131004034941 - Main Program -  ( (20131004034941 - Main Program -  ( (20131004034941 - Main Program -  ( (20131004034941 - Main Program -  ( (20131004034941 - Main Program -  ( (20131004034941 - Main Program -  ( (20131004034941 - Main Program -  ( (20131004034941 - Main Program -  ( (20131004034941 - Main Program -  ( (20131004034941 - Main Program -  ( (20131004034941 - Main Program -  ( (20131004034941 - Main Program -  ( (20131004034941 - Main Program -  ( (20131004034941 - Main Program -  ( (20131004034941 - Main Program -  (20131004034936->20131004034941
----------------------------------------------------------------
20131005193326 - 1
20131005193326 - Main Program - 258 (2630)
20131005193438 - 1
20131005193438 - Main Program - 258 (2630)
258 (2630) x1078
20131005193438->20131005193446
----------------------------------------------------------------
20131005202422 - 1
20131005202422 - Main Program - 258 (2630)
258 (2630) x352
20131005202422->20131005202459
----------------------------------------------------------------
20131005202623 - 1
20131005202623 - Main Program - 258 (2630)
258 (2630) x352
20131005202623->20131005202723
----------------------------------------------------------------
20131005202840 - 1
20131005202840 - Main Program - 258 (2630)
258 (2630) x352
20131005202840->20131005202900
----------------------------------------------------------------
20131024205120 - 1
20131024205120 - Main Program - 258 (2974)
20131024205147 - 1
20131024205147 - Main Program - 258 (2974)
20131024205415 - 1
20131024205415 - Main Program - 258 (2962)
258 (2962) x22
20131024205415->20131024205436
----------------------------------------------------------------
20131024205611 - 1
20131024205611 - Main Program - 258 (2962)
258 (2962) x22
20131024205611->20131024205615
----------------------------------------------------------------
20131024205620 - 1
20131024205620 - Main Program - 258 (2962)
258 (2962) x22
20131024205620->20131024205621
----------------------------------------------------------------
20131024205625 - 1
20131024205625 - Main Program - 258 (2962)
258 (2962) x22
20131024205625->20131024205821
----------------------------------------------------------------
20131024210204 - 1
20131024210205 - Main Program - 258 (2962)
258 (2962) x22
20131024210204->20131024210211
----------------------------------------------------------------
20131024210317 - 1
20131024210317->20131024210412
----------------------------------------------------------------
20131024210553 - 1
20131024210553->20131024210613
----------------------------------------------------------------
20131024211827 - 1
20131024211827->20131024211834
----------------------------------------------------------------
20131024212115 - 1
20131024212115->20131024212126
----------------------------------------------------------------
20131024212515 - 1
20131024212515->20131024212521
----------------------------------------------------------------
20131024212628 - 1
20131024212628->20131024212630
----------------------------------------------------------------
20131024212906 - 1
20131024212906->20131024212949
----------------------------------------------------------------
20131024213217 - 1
20131024213217->20131024214513
----------------------------------------------------------------
20131024214736 - 1
20131024214736->20131024220121
----------------------------------------------------------------
20131024223021 - 1
20131024223021->20131024223025
----------------------------------------------------------------
20131024223650 - 1
20131024223658 - Main Program - 5 (1759)
5 (1759) x1
20131024223650->20131024223658
----------------------------------------------------------------
20131024223943 - 1
20131024223943->20131024223948
----------------------------------------------------------------
20131024223952 - 1
20131024223952->20131024224011
----------------------------------------------------------------
20131024224219 - 1
20131024224219->20131024224305
----------------------------------------------------------------
20131024230154 - 1
20131024230154->20131024230157
----------------------------------------------------------------
20131025162803 - 1
20131025162803->20131025162806
----------------------------------------------------------------
20131025163350 - 1
20131025163350->20131025163352
----------------------------------------------------------------
20131025163535 - 1
20131025163535->20131025163546
----------------------------------------------------------------
20131025163709 - 1
20131025163709->20131025163727
----------------------------------------------------------------
20131025163838 - 1
20131025163838->20131025163845
----------------------------------------------------------------
20131025163848 - 1
20131025163848->20131025163856
----------------------------------------------------------------
20131025163859 - 1
20131025163859->20131025163905
----------------------------------------------------------------
20131025163911 - 1
20131025163911->20131025163915
----------------------------------------------------------------
20131025163918 - 1
20131025163918->20131025163923
----------------------------------------------------------------
20131025163926 - 1
20131025163926->20131025163931
----------------------------------------------------------------
20131025163935 - 1
20131025163935->20131025163940
----------------------------------------------------------------
20131025163943 - 1
20131025163943->20131025163945
----------------------------------------------------------------
20131025163948 - 1
20131025163948->20131025163953
----------------------------------------------------------------
20131025163956 - 1
20131025163956->20131025164003
----------------------------------------------------------------
20131025164010 - 1
20131025164010->20131025164012
----------------------------------------------------------------
20131025164014 - 1
20131025164014->20131025164019
----------------------------------------------------------------
20131025164021 - 1
20131025164021->20131025164023
----------------------------------------------------------------
20131025164159 - 1
20131025164159->20131025164326
----------------------------------------------------------------
20131025164333 - 1
20131025164333->20131025164338
----------------------------------------------------------------
20131025164341 - 1
20131025164341->20131025164342
----------------------------------------------------------------
20131025164345 - 1
20131025164345->20131025164352
----------------------------------------------------------------
20131025164402 - 1
20131025164402->20131025164404
----------------------------------------------------------------
20131025164408 - 1
20131025164408->20131025164409
----------------------------------------------------------------
20131025164413 - 1
20131025164413->20131025164415
----------------------------------------------------------------
20131025164420 - 1
20131025164420->20131025164430
----------------------------------------------------------------
20131025164550 - 1
20131025164550->20131025164553
----------------------------------------------------------------
20131025164556 - 1
20131025164556->20131025164559
----------------------------------------------------------------
20131025164602 - 1
20131025164602->20131025164605
----------------------------------------------------------------
20131025164715 - 1
20131025164715->20131025164721
----------------------------------------------------------------
20131025165227 - 1
20131025165227->20131025165230
----------------------------------------------------------------
20131025165233 - 1
20131025165233->20131025165235
----------------------------------------------------------------
20131101205439 - 1
20131101205439 - Main Program - 5 (890)
5 (890) x168
20131101205439->20131101205447
----------------------------------------------------------------
20131101210033 - 1
20131101210033 - Main Program - 5 (886)
5 (886) x153
20131101210033->20131101210040
----------------------------------------------------------------
20131101210321 - 1
20131101210321->20131101210337
----------------------------------------------------------------
20131101210342 - 1
20131101210342->20131101210359
----------------------------------------------------------------
20131101210834 - 1
20131101210834->20131101210847
----------------------------------------------------------------
20131101211305 - 1
20131101211305->20131101211416
----------------------------------------------------------------
20131101211536 - 1
20131101211536->20131101211556
----------------------------------------------------------------
20131101212059 - 1
20131101212059->20131101212107
----------------------------------------------------------------
20131101212525 - 1
20131101212525->20131101212531
----------------------------------------------------------------
20131101212744 - 1
20131101212744->20131101212747
----------------------------------------------------------------
20131101212904 - 1
20131101212904->20131101212918
----------------------------------------------------------------
20131102184152 - 1
20131102184152->20131102184210
----------------------------------------------------------------
20131119233703 -  - 76 (34)
20131119233703 -  - 52 (36)
20131119233703 -  - 52 (38)
20131119233703 -  - 9 (140)
20131119233703 -  - 258 (140)
20131119233935 -  - 9 (143)
20131119233935 -  - 258 (143)
20131119234425 -  - 9 (143)
20131119234425 -  - 258 (143)
20131119234447 -  - 9 (143)
20131119234447 -  - 258 (143)
20131119234708 -  - 9 (145)
20131119234708 -  - 258 (145)
20131119235522 -  - 258 (428)
20131119235603 -  - 258 (429)
20131120000104 -  - 258 (429)
20131120000413 -  - 9 (144)
20131120000413 -  - 258 (144)
20131120000532 -  - 9 (145)
20131120000532 -  - 258 (145)
20131120000551 -  - 9 (145)
20131120000551 -  - 258 (145)
20131120000614 -  - 9 (145)
20131120000614 -  - 258 (145)
20131120000630 -  - 9 (145)
20131120000630 -  - 258 (145)
20131120000650 -  - 9 (145)
20131120000650 -  - 258 (145)
20131120000708 -  - 9 (145)
20131120000708 -  - 258 (145)
20131120000724 -  - 9 (145)
20131120000724 -  - 258 (145)
20131120001557 -  - 9 (145)
20131120001557 -  - 258 (145)
20131120002428 -  - 9 (145)
20131120002428 -  - 258 (145)
20131120002605 -  - 258 (145)
20131120003835 -  - 258 (145)
20131125193107 -  - 5 (51)
20131125193158 -  - 5 (51)
20131125193330 -  - 5 (51)
20131126231725 -  - 5 (35)
20131126231847 -  - 5 (35)
20131126231949 -  - 5 (35)
20131126232019 -  - 5 (34)
20131126232034 -  - 5 (34)
20131126232116 -  - 5 (34)
20131126232149 -  - 5 (35)
20131126232325 -  - 5 (35)
20131126232400 -  - 5 (35)
20131126232428 -  - 5 (35)
20131201150955 -  - 9 (89)
20131201151240 -  - 9 (89)
20131201151329 -  - 9 (89)
20131201151415 -  - 9 (89)
20131201151612 -  - 9 (90)
20131201151620 -  - 9 (90)
20131201151713 -  - 9 (90)
20131201151856 -  - 9 (90)
20131201151957 -  - 9 (90)
20131201152034 -  - 9 (89)
20131201152225 -  - 9 (89)
20131201152324 -  - 9 (89)
20131201152346 -  - 9 (89)
20131201152618 -  - 9 (89)
20131201152648 -  - 9 (89)
20131201153823 -  - 9 (87)
20131201153901 -  - 9 (87)
20131202194818 -  - 9 (101)
20131202195948 -  - 9 (101)
20131202200953 -  - 9 (102)
20131202201022 -  - 9 (102)
20131202201259 -  - 9 (104)
20131202215925 -  - 9 (106)
20131202215925 -  - 9 (40)
20131202215951 -  - 9 (106)
20131202225124 -  - 9 (106)
20131202225255 -  - 9 (106)
20131202225325 -  - 9 (106)
20131202225337 -  - 9 (106)
20131202225401 -  - 9 (106)
20131202225430 -  - 9 (106)
20131202225453 -  - 9 (106)
20131202225517 -  - 9 (106)
20131202225903 -  - 9 (94)
20131202225926 -  - 9 (95)
20131202230228 -  - 9 (95)
20131202230518 -  - 9 (95)
20131202231255 -  - 9 (98)
20131202231424 -  - 9 (102)
20131202232548 -  - 9 (96)
20131202232619 -  - 9 (97)
20131202232656 -  - 9 (97)
20131202234431 -  - 9 (106)
20131202235002 -  - 9 (108)
20131202235229 -  - 9 (108)
20131202235256 -  - 9 (108)
20131202235325 -  - 9 (108)
20131202235418 -  - 9 (108)
20131202235540 -  - 9 (108)
20131202235626 -  - 9 (108)
20131216181824 -  - 9 (165)
20131220222313 -  - 9 (235)
20131220222517 -  - 9 (232)
20131221150721 -  - 10 (195)
20131221150721 -  - 9 (195)
20131221150721 -  - 9 (58)
20131221150816 -  - 10 (196)
20131221150816 -  - 9 (196)
20131221150816 -  - 9 (59)
20131221151118 -  - 10 (198)
20131221151118 -  - 9 (198)
20131221151124 -  - 9 (61)
20131221151202 -  - 10 (195)
20131221151202 -  - 9 (195)
20131221151207 -  - 9 (58)
20131221151505 -  - 10 (195)
20131221151505 -  - 9 (195)
20131221151534 -  - 9 (58)
20131221151818 -  - 10 (199)
20131221151818 -  - 9 (199)
20131221151842 -  - 10 (199)
20131221151842 -  - 9 (199)
20131221151843 -  - 9 (62)
20131221151947 -  - 10 (199)
20131221151947 -  - 9 (199)
20131221151955 -  - 9 (62)
20131221152118 -  - 10 (199)
20131221152118 -  - 9 (199)
20131221152119 -  - 9 (62)
20131221152214 -  - 10 (199)
20131221152214 -  - 9 (199)
20131221152215 -  - 9 (62)
20131221152303 -  - 10 (199)
20131221152303 -  - 9 (199)
20131221152303 -  - 9 (62)
20131221152824 -  - 9 (62)
20131221152959 -  - 9 (197)
20131221153016 -  - 9 (197)
20131221153304 -  - 9 (197)
20131221153359 -  - 9 (199)
20131221153404 -  - 9 (62)
20131221153506 -  - 9 (197)
20131221153506 -  - 9 (60)
20131221153754 -  - 9 (197)
20131221153754 -  - 9 (60)
20131221153918 -  - 9 (59)
20131221153959 -  - 9 (59)
20131221154133 -  - 9 (59)
20131221170807 -  - 9 (52)
20131221183306 -  - 9 (198)
20131221183346 -  - 9 (198)
20131221183414 -  - 9 (198)
20131221183540 -  - 9 (198)
20131221183603 -  - 9 (198)
20131221183727 -  - 9 (198)
20131221183844 -  - 9 (198)
20131221183956 -  - 9 (198)
20131221184332 -  - 9 (198)
20131221184559 -  - 9 (198)
20131222144123 -  - 54 (110)
20131222145331 -  - 9 (102)
20131222145737 -  - 9 (102)
20131222145907 -  - 9 (101)
20131222152226 -  - 9 (26)
20131222152849 -  - 9 (95)
20131222152849 -  - 9 (26)
20131222152930 -  - 9 (95)
20131222153007 -  - 9 (95)
20131222153007 -  - 9 (26)
20131222153944 -  - 9 (95)
20131222153944 -  - 9 (26)
20131222154042 -  - 9 (95)
20131222154124 -  - 9 (95)
20131222154201 -  - 9 (95)
20131222163613 -  - 76 (109)
20131222163613 -  - 52 (109)
20131222163613 -  - 53 (109)
20131222165343 -  - 52 (112)
20131222165616 -  - 52 (112)
20131223134916 -  - 9 (208)
20131223140720 -  - 9 (208)
20131223150528 -  - 9 (87)
20131223150831 -  - 9 (91)
20131223150949 -  - 9 (94)
20131223151113 -  - 9 (94)
20131223151127 -  - 9 (94)
20131223151137 -  - 9 (78)
20131223151453 -  - 9 (76)
20131223153856 -  - 9 (76)
20131223154156 -  - 9 (76)
20131223160343 -  - 9 (72)
20131223160343 -  - 9 (89)
20131223160518 -  - 9 (72)
20131223160540 -  - 9 (72)
20131223161057 -  - 9 (236)
20131223170739 -  - 62 (234)
20131223173725 -  - 258 (105)
20131224091731 -  - 9 (48)
20131225231429 -  - 9 (244)
20131225231612 -  - 9 (245)
20131225231641 -  - 9 (245)
20131225231909 -  - 9 (248)
20131225231954 -  - 9 (250)
20131225232100 -  - 9 (245)
20131225232317 -  - 9 (245)
20131225232539 -  - 9 (245)
20131225232833 -  - 9 (245)
20131225234419 -  - 9 (248)
20131225234744 -  - 9 (251)
20131225234910 -  - 9 (245)
20131225235409 -  - 9 (246)
20131225235716 -  - 9 (246)
20131225235737 -  - 9 (246)
20131225235823 -  - 9 (246)
20131226000055 -  - 9 (247)
20131226000644 -  - 9 (247)
20131226000707 -  - 9 (247)
20131226000739 -  - 9 (247)
20131226000807 -  - 9 (247)
20131226001019 -  - 9 (247)
20131226001101 -  - 9 (247)
20131226001128 -  - 9 (247)
20131226001239 -  - 9 (247)
20131226001428 -  - 9 (247)
20131226001713 -  - 9 (247)
20131226001738 -  - 9 (247)
20131226005924 -  - 9 (247)
20131227191117 -  - 9 (45)
20131227191249 -  - 9 (45)
20131227191425 -  - 9 (136)
20131227191425 -  - 9 (174)
20131227191425 -  - 9 (45)
20131227191710 -  - 9 (136)
20131227191710 -  - 9 (174)
20131227191710 -  - 9 (45)
20131227192024 -  - 9 (136)
20131227192024 -  - 9 (174)
20131227192024 -  - 9 (45)
20131227192146 -  - 9 (136)
20131227192146 -  - 9 (174)
20131227192146 -  - 9 (45)
20131227192203 -  - 9 (45)
20131227192224 -  - 9 (136)
20131227192224 -  - 9 (174)
20131227192224 -  - 9 (45)
20131227192311 -  - 9 (136)
20131227192311 -  - 9 (174)
20131227192333 -  - 9 (136)
20131227192333 -  - 9 (174)
20131227192353 -  - 9 (136)
20131227192353 -  - 9 (174)
20131227192353 -  - 9 (313)
20131227192353 -  - 9 (314)
20131227192353 -  - 9 (320)
20131227192555 -  - 9 (137)
20131227192555 -  - 9 (175)
20131227192555 -  - 9 (314)
20131227192555 -  - 9 (315)
20131227192555 -  - 9 (321)
20131227192617 -  - 9 (137)
20131227192617 -  - 9 (175)
20131227192617 -  - 9 (314)
20131227192617 -  - 9 (315)
20131227192617 -  - 9 (321)
20131227194639 -  - 9 (137)
20131227194639 -  - 9 (175)
20131227194639 -  - 9 (314)
20131227194639 -  - 9 (315)
20131227194639 -  - 9 (321)
20131227194727 -  - 9 (137)
20131227194727 -  - 9 (175)
20131227194727 -  - 9 (314)
20131227194727 -  - 9 (315)
20131227194727 -  - 9 (321)
20131227195400 -  - 9 (137)
20131227195400 -  - 9 (175)
20131227195400 -  - 9 (314)
20131227195400 -  - 9 (315)
20131227195400 -  - 9 (321)
20131227195531 -  - 9 (137)
20131227195531 -  - 9 (175)
20131227195531 -  - 9 (314)
20131227195531 -  - 9 (315)
20131227195531 -  - 9 (321)
20131227195802 -  - 9 (314)
20131227195802 -  - 9 (315)
20131227195802 -  - 9 (318)
20131227195802 -  - 9 (319)
20131227195802 -  - 9 (321)
20131227195916 -  - 9 (315)
20131227195916 -  - 9 (316)
20131227195916 -  - 9 (319)
20131227195916 -  - 9 (320)
20131227195916 -  - 9 (322)
20131227195949 -  - 9 (315)
20131227195949 -  - 9 (316)
20131227195949 -  - 9 (319)
20131227195949 -  - 9 (320)
20131227195949 -  - 9 (322)
20131227195949 -  - 9 (45)
20131227200026 -  - 9 (45)
20131227200101 -  - 9 (45)
20131227200302 -  - 9 (45)
20131227200506 -  - 9 (45)
20131227223609 -  - 9 (45)
20131227223810 -  - 9 (45)
20131227224332 -  - 9 (45)
20131227224420 -  - 9 (45)
20131227224436 -  - 9 (45)
20131227224549 -  - 9 (45)
20131227224936 -  - 9 (45)
20131227224955 -  - 9 (45)
20131227225226 -  - 9 (45)
20131227225255 -  - 9 (45)
20131227225313 -  - 9 (45)
20131227225352 -  - 9 (45)
20131227225434 -  - 9 (45)
20131227232712 -  - 9 (247)
20131228113321 -  - 9 (291)
20131228113358 -  - 9 (291)
20131228151404 -  - 9 (291)
20131228151504 -  - 9 (291)
20131228151611 -  - 9 (291)
 - Sprite Library:SPRITESHEETLOAD - 106 - the specified sprite sheet does not exist
 - Sprite Library:SPRITENEW - 107 - the specified sprite sheet is not in use
 - Sprite Library:SPRITEANIMATESET - 101 - the specified sprite is not in use
 - Sprite Library:SPRITEANIMATION - 101 - the specified sprite is not in use
 - Sprite Library:SPRITEZOOM - 101 - the specified sprite is not in use
 - Sprite Library:SPRITEPUT - 101 - the specified sprite is not in use
 - Sprite Library:SPRITEANIMATIONCELL - 101 - the specified sprite is not in use
20131228235953 -  - 9 (291)
20131229121943 -  - 9 (291)
20131229144352 -  - 9 (51)
20131229144403 -  - 9 (51)
20131229145711 -  - 9 (51)
20131229150105 -  - 9 (44)
20131229150458 -  - 9 (44)
20131229150613 -  - 9 (44)
20131229150746 -  - 9 (44)
20131229193838 -  - 9 (309)
20131229193841 - 1
9 (309) x1
20131229193841->20131229193953
----------------------------------------------------------------
20131229194231 -  - 9 (309)
20131229194232 - 1
9 (309) x1
20131229194232->20131229194233
----------------------------------------------------------------
20131229194235 -  - 9 (309)
20131229194235 - 1
9 (309) x1
20131229194235->20131229194237
----------------------------------------------------------------
20131229194441 -  - 9 (309)
20131229194442 - 1
9 (309) x1
20131229194442->20131229194450
----------------------------------------------------------------
20131229195539 -  - 9 (309)
20131229195540 - 1
9 (309) x1
20131229195540->20131229200108
----------------------------------------------------------------
20131229200354 -  - 9 (312)
20131229200355 - 1
9 (312) x1
20131229200355->20131229200400
----------------------------------------------------------------
20131229200540 -  - 9 (314)
20131229200541 - 1
9 (314) x1
20131229200541->20131229200940
----------------------------------------------------------------
20131229202758 -  - 9 (318)
20131229202759 - 1
9 (318) x1
20131229202759->20131229202903
----------------------------------------------------------------
20131229202912 -  - 9 (318)
20131229202913 - 1
9 (318) x1
20131229202913->20131229202914
----------------------------------------------------------------
20131229202917 -  - 9 (318)
20131229202917 - 1
9 (318) x1
20131229202917->20131229202923
----------------------------------------------------------------
20131229202926 -  - 9 (318)
20131229202926 - 1
9 (318) x1
20131229202926->20131229202934
----------------------------------------------------------------
20131229202941 -  - 9 (318)
20131229202941 - 1
9 (318) x1
20131229202941->20131229203007
----------------------------------------------------------------
20131229203328 -  - 9 (316)
20131229203329 - 1
9 (316) x1
20131229203329->20131229205256
----------------------------------------------------------------
20131229205302 -  - 9 (316)
20131229205303 - 1
9 (316) x1
20131229205303->20131229205341
----------------------------------------------------------------
20131230010831 -  - 9 (309)
20131230010832 - 1
9 (309) x1
20131230010832->20131230010838
----------------------------------------------------------------
20131230012247 -  - 9 (309)
20131230012249 - 1
9 (309) x1
20131230012249->20131230013458
----------------------------------------------------------------
20131231160400 -  - 9 (202)
20131231160445 -  - 9 (204)
20131231160521 -  - 9 (204)
20131231160524 -  - 3 (87)
20131231160824 -  - 9 (204)
20131231160825 -  - 3 (87)
20131231160954 -  - 9 (204)
20131231160956 -  - 3 (87)
20131231161041 -  - 3 (87)
20131231161302 -  - 3 (87)
20131231161358 -  - 3 (87)
20140101142121 -  - 3 (88)
20140101154909 -  - 3 (98)
20140101162008 -  - 3 (98)
20140101162026 -  - 3 (98)
20140101162358 -  - 3 (98)
20140101162556 -  - 3 (98)
20140101162710 -  - 3 (98)
20140101163031 -  - 3 (110)
20140101163116 -  - 9 (45)
20140101163136 -  - 3 (111)
20140101163644 -  - 9 (46)
20140101163712 -  - 3 (113)
20140102005439 -  - 9 (46)
20140102005521 -  - 3 (114)
20140102005539 -  - 9 (46)
20140102005554 -  - 3 (114)
20140102010323 -  - 9 (46)
20140102010422 -  - 3 (114)
20140102161527 -  - 9 (43)
20140102161527 -  - 9 (155)
20140102161527 -  - 5 (155)
20140102161653 -  - 9 (43)
20140102161909 -  - 9 (43)
20140102173028 -  - 9 (44)
20140102173104 -  - 9 (44)
20140102173427 -  - 9 (45)
20140102173439 -  - 9 (45)
20140102173510 -  - 9 (45)
20140102173532 -  - 9 (45)
20140102173838 -  - 9 (45)
20140102173927 -  - 9 (45)
20140102174125 -  - 9 (45)
20140103145546 -  - 3 (96)
20140103145649 -  - 3 (96)
20140103145749 -  - 3 (101)
20140103145827 -  - 3 (101)
20140103171036 -  - 76 (95)
20140103173057 -  - 76 (95)
20140103173138 -  - 76 (95)
20140103174638 -  - 76 (96)
20140103174702 -  - 76 (96)
20140103174848 -  - 76 (96)
20140103175122 -  - 76 (96)
20140103175341 -  - 76 (96)
20140103175400 -  - 76 (96)
20140103175452 -  - 76 (96)
20140103175509 -  - 76 (96)
20140103180003 -  - 76 (96)
20140103180023 -  - 76 (96)
20140103180024 -  - 52 (96)
20140103180049 -  - 76 (96)
20140103180140 -  - 76 (96)
20140103180140 -  - 52 (96)
20140103180158 -  - 76 (96)
20140103180158 -  - 52 (96)
20140103180224 -  - 76 (96)
20140103180225 -  - 52 (96)
20140103180538 -  - 76 (91)
20140103180611 -  - 76 (91)
20140103180746 -  - 76 (99)
20140103180828 -  - 76 (99)
20140103181057 -  - 52 (99)
20140103181146 -  - 76 (99)
20140103181147 -  - 52 (99)
20140103181246 -  - 76 (99)
20140103181246 -  - 52 (99)
20140103181347 -  - 76 (99)
20140103181405 -  - 76 (99)
20140103181405 -  - 52 (99)
20140103181415 -  - 76 (99)
20140103181542 -  - 76 (99)
20140103181547 -  - 52 (99)
20140103181652 -  - 76 (99)
20140103181654 -  - 52 (99)
20140103181726 -  - 76 (99)
20140103181814 -  - 76 (99)
20140103181917 -  - 76 (99)
20140103181959 -  - 76 (99)
20140103182032 -  - 76 (99)
20140103182304 -  - 76 (99)
20140103182520 -  - 76 (99)
20140103182602 -  - 76 (99)
20140103182642 -  - 76 (99)
20140103182856 -  - 76 (99)
20140103182942 -  - 76 (99)
20140103183015 -  - 76 (99)
20140103183252 -  - 76 (99)
20140103183437 -  - 76 (99)
20140103183535 -  - 76 (99)
20140103183821 -  - 76 (102)
20140103183858 -  - 76 (102)
20140103184328 -  - 76 (100)
20140103185931 -  - 76 (100)
20140103190006 -  - 76 (100)
20140103190220 -  - 76 (100)
20140103190252 -  - 76 (100)
20140103190322 -  - 76 (100)
20140103190328 -  - 52 (100)
20140103190413 -  - 76 (100)
20140103190419 -  - 54 (100)
20140103190546 -  - 76 (100)
20140103190840 -  - 76 (106)
20140103191331 -  - 76 (104)
20140103191628 -  - 76 (104)
20140103191808 -  - 76 (104)
20140103191832 -  - 76 (104)
20140103192559 -  - 76 (104)
20140103192601 -  - 52 (104)
20140103192615 -  - 76 (104)
20140103192701 -  - 76 (104)
20140103192703 -  - 52 (104)
20140103192813 -  - 76 (104)
20140103193100 -  - 76 (104)
20140103193433 -  - 76 (104)
20140103193521 -  - 76 (104)
20140103193831 -  - 76 (104)
20140103202240 -  - 9 (54)
20140103202331 -  - 76 (114)
20140103225628 -  - 76 (104)
20140103231454 -  - 76 (104)
20140103231455 -  - 52 (104)
20140103231520 -  - 76 (104)
20140103232055 -  - 76 (104)
20140103232911 -  - 76 (104)
20140103233052 -  - 76 (104)
20140103233208 -  - 76 (104)
20140103234454 -  - 76 (104)
20140103234505 -  - 52 (104)
20140104005821 -  - 76 (104)
20140104150644 -  - 76 (104)
20140104151052 -  - 76 (104)
20140104153120 -  - 76 (104)
20140104153644 -  - 76 (104)
20140104153839 -  - 76 (104)
20140104154004 -  - 76 (104)
20140104155309 -  - 76 (104)
20140104160951 -  - 76 (101)
20140104161136 -  - 76 (101)
20140104161317 -  - 76 (101)
20140104161348 -  - 76 (101)
20140104161610 -  - 76 (101)
20140104162212 -  - 76 (101)
20140104162258 -  - 76 (101)
20140104162322 -  - 76 (101)
20140104162518 -  - 76 (101)
20140104164512 -  - 76 (101)
20140104164755 -  - 76 (101)
20140104164926 -  - 76 (101)
20140104165009 -  - 76 (101)
20140104165029 -  - 76 (101)
20140104165142 -  - 76 (101)
20140104165443 -  - 76 (101)
20140104165533 -  - 76 (101)
20140104165626 -  - 76 (101)
20140104165800 -  - 76 (101)
20140104170432 -  - 76 (101)
20140104170654 -  - 76 (101)
20140104170929 -  - 76 (101)
20140104171048 -  - 76 (101)
20140104171204 -  - 76 (101)
20140104171546 -  - 76 (101)
20140104171759 -  - 76 (101)
20140104171816 -  - 76 (101)
20140104173051 -  - 76 (103)
20140104173145 -  - 76 (103)
20140104173201 -  - 76 (103)
20140104173456 -  - 76 (103)
20140104173522 -  - 76 (103)
20140104173639 -  - 76 (103)
20140104173753 -  - 76 (103)
20140104173915 -  - 76 (103)
20140104173933 -  - 76 (103)
20140104174928 -  - 76 (101)
20140104175239 -  - 76 (101)
20140104175419 -  - 76 (101)
20140104175425 -  - 70 (101)
20140104175425 -  - 52 (101)
20140104175618 -  - 76 (101)
20140104175941 -  - 76 (101)
20140104180207 -  - 76 (101)
20140104180837 -  - 76 (101)
20140104181507 -  - 76 (101)
20140104181548 -  - 76 (101)
20140104181630 -  - 76 (103)
20140104181808 -  - 76 (103)
20140104182144 -  - 76 (103)
20140104183817 -  - 76 (103)
20140104184736 -  - 76 (103)
20140104184811 -  - 76 (103)
20140104184852 -  - 76 (101)
20140104184916 -  - 76 (101)
20140104185233 -  - 76 (101)
20140104185312 -  - 76 (101)
20140104185337 -  - 76 (101)
20140104233418 -  - 76 (103)
20140104233516 -  - 76 (101)
20140104233632 -  - 76 (104)
20140104233705 -  - 76 (104)
20140104233734 -  - 76 (104)
20140104233849 -  - 76 (104)
20140104234122 -  - 76 (104)
20140104234328 -  - 76 (104)
20140104234434 -  - 76 (104)
20140104234604 -  - 76 (104)
20140104234715 -  - 76 (108)
20140104234959 -  - 76 (114)
20140105001952 -  - 76 (114)
20140105002039 -  - 76 (114)
20140105002239 -  - 76 (114)
20140105002322 -  - 76 (114)
20140105002348 -  - 76 (114)
20140105002432 -  - 76 (114)
20140105002615 -  - 76 (115)
20140105002703 -  - 76 (115)
20140105002733 -  - 76 (115)
20140105003248 -  - 76 (115)
20140105003456 -  - 76 (115)
20140105003533 -  - 76 (115)
20140105003759 -  - 76 (117)
20140105113757 -  - 9 (145)
20140105114249 -  - 9 (145)
20140105114452 -  - 9 (145)
20140105114518 -  - 9 (145)
20140105114729 -  - 9 (150)
20140105114837 -  - 9 (151)
20140105114917 -  - 9 (151)
20140105142059 -  - 9 (151)
20140105142538 -  - 9 (151)
20140106150123 -  - 9 (151)
20140106193034 -  - 9 (151)
20140106193455 -  - 9 (151)
20140111153317 -  - 9 (155)
20140111154104 -  - 9 (155)
20140111154213 -  - 9 (155)
20140111154424 -  - 9 (155)
20140111154503 -  - 9 (157)
20140111154654 -  - 9 (158)
20140111154723 -  - 9 (159)
20140111154916 -  - 9 (159)
20140111154938 -  - 9 (157)
20140111155757 -  - 9 (157)
20140111160153 -  - 9 (157)
20140111160226 -  - 9 (157)
20140111160352 -  - 9 (157)
20140111160623 -  - 9 (157)
20140111160834 -  - 9 (157)
20140111161103 -  - 9 (157)
20140111161233 -  - 9 (158)
20140111161438 -  - 9 (158)
20140111161555 -  - 9 (158)
20140111161932 -  - 9 (161)
20140111162129 -  - 9 (161)
20140111162456 -  - 9 (162)
20140111163139 -  - 9 (163)
20140111163351 -  - 9 (163)
20140111163918 -  - 9 (164)
20140111163918 -  - 9 (163)
20140111163918 -  - 9 (59)
20140111163918 -  - 9 (60)
20140111163918 -  - 9 (61)
20140111163918 -  - 9 (62)
20140111164126 -  - 9 (163)
20140112000019 -  - 9 (163)
20140112000318 -  - 9 (163)
20140112142119 -  - 9 (163)
20140112142714 -  - 9 (163)
20140112142917 -  - 9 (163)
20140112143015 -  - 9 (163)
20140112143325 -  - 9 (163)
20140112143557 -  - 9 (163)
20140112143630 -  - 9 (163)
20140112143729 -  - 9 (163)
20140112143939 -  - 9 (163)
20140112144115 -  - 9 (163)
20140112144150 -  - 9 (163)
20140112144232 -  - 9 (163)
20140112144339 -  - 9 (159)
20140112144442 -  - 9 (160)
20140112144507 -  - 9 (160)
20140112145129 -  - 9 (160)
20140112145157 -  - 9 (160)
20140112145540 -  - 9 (159)
20140112152449 -  - 9 (159)
20140112152510 -  - 9 (159)
20140112154804 -  - 9 (159)
20140112162613 -  - 9 (159)
20140112162914 -  - 9 (159)
20140112163049 -  - 9 (159)
20140112163442 -  - 9 (159)
20140112164144 -  - 9 (159)
20140112164352 -  - 9 (164)
20140112173018 -  - 9 (164)
20140112173657 -  - 9 (164)
20140112174251 -  - 9 (164)
20140112174813 -  - 9 (165)
20140112175118 -  - 9 (165)
20140112175415 -  - 9 (165)
20140112180322 -  - 9 (165)
20140112180710 -  - 9 (165)
20140112180822 -  - 9 (165)
20140112181629 -  - 9 (165)
20140112181753 -  - 9 (165)
20140112181848 -  - 9 (165)
20140112182018 -  - 9 (165)
20140112182517 -  - 9 (165)
20140112182622 -  - 9 (165)
20140112182927 -  - 9 (165)
20140112183110 -  - 9 (165)
20140112183240 -  - 9 (165)
20140112183350 -  - 9 (165)
20140112183424 -  - 9 (165)
20140112183941 -  - 9 (165)
20140112184128 -  - 9 (165)
20140112184231 -  - 9 (164)
20140112184538 -  - 9 (164)
20140112184757 -  - 9 (160)
20140116213231 -  - 9 (160)
20140116235145 -  - 9 (160)
20140116235655 -  - 9 (160)
20140117173437 -  - 9 (162)
20140117173747 -  - 9 (162)
20140117174034 -  - 9 (165)
20140117174150 -  - 9 (165)
20140117174221 -  - 9 (165)
20140117174351 -  - 9 (45)
20140117174351 -  - 9 (166)
20140117175421 -  - 9 (45)
20140117175421 -  - 9 (166)
20140117175501 -  - 9 (45)
20140117175501 -  - 9 (166)
20140117181300 -  - 9 (45)
20140117181300 -  - 9 (167)
20140117181300 -  - 9 (166)
20140117181329 -  - 9 (167)
20140117181329 -  - 9 (166)
20140117181429 -  - 9 (167)
20140117181429 -  - 9 (166)
20140117181510 -  - 9 (167)
20140117181510 -  - 9 (166)
20140117182903 -  - 9 (167)
20140117182903 -  - 9 (166)
20140117182929 -  - 9 (167)
20140117182929 -  - 9 (166)
20140117183002 -  - 9 (167)
20140117183002 -  - 9 (166)
20140117183041 -  - 9 (167)
20140117183041 -  - 9 (166)
20140117183418 -  - 9 (167)
20140117183418 -  - 9 (166)
20140117183504 -  - 9 (167)
20140117183504 -  - 9 (166)
20140117183820 -  - 9 (170)
20140117183820 -  - 9 (169)
20140117184225 -  - 9 (169)
20140117184306 -  - 9 (171)
20140117184306 -  - 9 (170)
20140117184717 -  - 9 (171)
20140117184717 -  - 9 (170)
20140117185505 -  - 9 (171)
20140117185505 -  - 9 (170)
20140117185906 -  - 9 (171)
20140117185906 -  - 9 (170)
20140117185955 -  - 9 (171)
20140117185955 -  - 9 (170)
20140117195940 -  - 9 (171)
20140117195940 -  - 9 (170)
20140117200153 -  - 9 (171)
20140117200153 -  - 9 (170)
20140117200337 -  - 9 (170)
20140117200337 -  - 9 (169)
20140117200456 -  - 9 (170)
20140117200456 -  - 9 (169)
20140117201023 -  - 9 (170)
20140117201023 -  - 9 (169)
20140117201220 -  - 9 (170)
20140117201220 -  - 9 (169)
20140117201839 -  - 9 (170)
20140117201839 -  - 9 (169)
20140117204017 -  - 9 (169)
20140117204410 -  - 9 (169)
20140117204449 -  - 9 (169)
20140117205814 -  - 9 (169)
20140117210451 -  - 9 (169)
20140117210755 -  - 9 (170)
20140117210755 -  - 9 (169)
20140117211006 -  - 9 (169)
20140117211658 -  - 9 (169)
20140117212153 -  - 9 (169)
20140117212325 -  - 9 (169)
20140117212426 -  - 9 (169)
20140117212852 -  - 9 (169)
20140117213133 -  - 9 (169)
20140117213309 -  - 9 (170)
20140117220224 -  - 9 (170)
20140117220810 -  - 9 (170)
20140117220900 -  - 9 (169)
20140117221031 -  - 9 (169)
20140117221210 -  - 9 (169)
20140117221718 -  - 9 (169)
20140117222150 -  - 9 (169)
20140117222300 -  - 9 (169)
20140117222430 -  - 9 (169)
20140117222916 -  - 9 (169)
20140117225745 -  - 9 (169)
20140117225924 -  - 9 (169)
20140117230018 -  - 9 (169)
20140117230100 -  - 9 (169)
20140117230222 -  - 9 (169)
20140117230314 -  - 9 (169)
20140117230350 -  - 9 (169)
20140117230710 -  - 9 (169)
20140117230809 -  - 9 (169)
20140117230917 -  - 9 (169)
20140117230937 -  - 9 (169)
20140117231017 -  - 9 (169)
20140117232013 -  - 9 (169)
20140117232118 -  - 9 (169)
20140117232344 -  - 9 (169)
20140117232431 -  - 9 (169)
20140117232517 -  - 9 (169)
20140117232654 -  - 9 (169)
20140117232718 -  - 9 (169)
20140117233010 -  - 9 (169)
20140117233131 -  - 9 (169)
20140117233334 -  - 9 (169)
20140117234359 -  - 9 (169)
20140117234500 -  - 9 (169)
20140117234925 -  - 9 (169)
20140117235030 -  - 9 (169)
20140117235131 -  - 9 (169)
20140117235840 -  - 9 (169)
20140118000713 -  - 9 (169)
20140118000746 -  - 9 (169)
20140118000902 -  - 9 (169)
20140118000958 -  - 9 (170)
20140118152410 -  - 9 (170)
20140118152525 -  - 9 (170)
20140118153749 -  - 9 (170)
20140118153834 -  - 9 (170)
20140118154453 -  - 9 (170)
20140118154552 -  - 9 (168)
20140118154636 -  - 9 (168)
20140118154716 -  - 9 (168)
20140118154746 -  - 9 (168)
20140118154826 -  - 9 (168)
20140118154855 -  - 9 (168)
20140118155207 -  - 9 (168)
20140118160327 -  - 9 (168)
20140118160430 -  - 9 (167)
20140118160531 -  - 9 (167)
20140118160832 -  - 9 (180)
20140120122130 -  - 9 (180)
20140120171957 -  - 9 (180)
20140120172615 -  - 9 (180)
20140120172728 -  - 9 (180)
20140120173124 -  - 9 (180)
20140120201228 -  - 9 (180)
20140120201308 -  - 9 (180)
20140120201403 -  - 9 (180)
20140120201632 -  - 9 (180)
20140120202406 -  - 9 (180)
20140121172423 -  - 9 (180)
20140121172549 -  - 9 (180)
20140121172907 -  - 9 (180)
20140121174055 -  - 9 (180)
20140121174158 -  - 9 (180)
20140121174419 -  - 9 (180)
20140121174610 -  - 9 (180)
20140121174759 -  - 9 (180)
20140121174943 -  - 9 (180)
20140121175131 -  - 9 (180)
20140121175202 -  - 9 (180)
20140121203122 -  - 9 (180)
20140121203431 -  - 9 (180)
20140121203551 -  - 9 (180)
20140121204142 -  - 9 (180)
20140121204208 -  - 9 (180)
20140121205717 -  - 9 (180)
20140121205757 -  - 9 (180)
20140121205837 -  - 9 (180)
20140121210215 -  - 9 (180)
20140121210544 -  - 9 (182)
20140122222833 -  - 9 (181)
20140122223806 -  - 9 (181)
20140122231007 -  - 9 (181)
20140122231223 -  - 9 (181)
20140122232923 -  - 9 (181)
20140122233921 -  - 9 (181)
20140122233945 -  - 9 (181)
20140122234121 -  - 9 (181)
20140122234208 -  - 9 (181)
20140122234333 -  - 9 (181)
20140122234400 -  - 9 (181)
20140122234504 -  - 9 (182)
20140122234546 -  - 9 (182)
20140122234910 -  - 9 (182)
20140122235833 -  - 9 (182)
20140122235949 -  - 9 (182)
20140123000104 -  - 9 (182)
20140123000134 -  - 9 (182)
20140123000307 -  - 9 (182)
20140123000444 -  - 9 (182)
20140123000546 -  - 9 (182)
20140123000654 -  - 9 (182)
20140123000718 -  - 9 (182)
20140123001121 -  - 9 (183)
20140123001144 -  - 9 (183)
20140123211915 -  - 9 (183)
20140123211939 -  - 9 (183)
20140123212944 -  - 9 (186)
20140123213107 -  - 9 (186)
20140123213400 -  - 9 (186)
20140123214806 -  - 9 (186)
20140123214845 -  - 9 (186)
20140123215045 -  - 9 (186)
20140123223129 -  - 9 (188)
20140123231551 -  - 9 (188)
20140123231922 -  - 9 (188)
20140123232023 -  - 9 (188)
20140123232026 -  - 9 (189)
20140123232206 -  - 9 (188)
20140123232330 -  - 9 (191)
20140123232416 -  - 9 (191)
20140123232518 -  - 9 (200)
20140123232631 -  - 9 (186)
20140123232730 -  - 9 (186)
20140123232757 -  - 9 (186)
20140123232932 -  - 9 (186)
20140123233047 -  - 9 (186)
20140123233210 -  - 9 (186)
20140123233333 -  - 9 (186)
20140123233343 -  - 62 (67)
20140123233506 -  - 9 (186)
20140123233516 -  - 62 (67)
20140124162549 -  - 9 (186)
20140124162945 -  - 9 (186)
20140124164027 -  - 9 (186)
20140124164334 -  - 9 (186)
20140124164416 -  - 9 (186)
20140124164458 -  - 9 (186)
20140124164542 -  - 9 (186)
20140124164627 -  - 9 (186)
20140124164700 -  - 9 (186)
20140124165831 -  - 9 (186)
20140124222517 -  - 9 (184)
20140124223216 -  - 9 (184)
20140124223821 -  - 9 (184)
20140125223342 -  - 9 (184)
20140125223625 -  - 9 (186)
20140125223651 -  - 9 (186)
20140126130802 -  - 9 (186)
20140126130936 -  - 9 (186)
20140126131350 -  - 9 (186)
20140126131439 -  - 9 (186)
20140126131711 -  - 9 (186)
20140126131839 -  - 9 (186)
20140126131956 -  - 9 (187)
20140126132506 -  - 9 (187)
20140126132634 -  - 9 (187)
20140126132832 -  - 9 (187)
20140126133134 -  - 9 (187)
20140126133236 -  - 9 (187)
20140126133434 -  - 9 (187)
20140126133626 -  - 9 (187)
20140126133729 -  - 9 (186)
20140126170648 -  - 9 (184)
20140126191029 -  - 9 (184)
20140126191520 -  - 9 (184)
20140126191726 -  - 9 (184)
20140126191941 -  - 9 (184)
20140126192123 -  - 9 (184)
20140126212657 -  - 9 (184)
20140126222558 -  - 9 (184)
20140126222700 -  - 9 (184)
20140126222935 -  - 9 (184)
20140126223036 -  - 9 (184)
20140126223249 -  - 9 (184)
20140126223413 -  - 9 (184)
20140126223637 -  - 9 (184)
20140126223858 -  - 9 (184)
20140126223948 -  - 9 (184)
20140126224028 -  - 9 (184)
20140126224129 -  - 9 (184)
20140126224230 -  - 9 (182)
20140126224755 -  - 9 (182)
20140126224950 -  - 9 (182)
20140126225201 -  - 9 (182)
20140126225522 -  - 9 (182)
20140126225834 -  - 9 (182)
20140126230349 -  - 9 (182)
20140126230530 -  - 9 (182)
20140126230622 -  - 9 (182)
20140126230722 -  - 9 (182)
20140127235955 -  - 9 (182)
20140128000059 -  - 9 (182)
20140128001525 -  - 9 (182)
20140128001738 -  - 9 (182)
20140128003620 -  - 9 (182)
20140128003730 -  - 9 (182)
20140128005009 -  - 9 (182)
20140128204804 -  - 9 (182)
20140128204942 -  - 9 (182)
20140128205157 -  - 9 (182)
20140128205228 -  - 9 (182)
20140128205555 -  - 9 (182)
20140128205726 -  - 9 (182)
20140128210846 -  - 9 (182)
20140128211100 -  - 9 (182)
20140128211219 -  - 9 (182)
20140128211252 -  - 9 (182)
20140128211304 -  - 9 (182)
20140128211354 -  - 9 (182)
20140128211501 -  - 9 (182)
20140128212513 -  - 9 (182)
20140128212550 -  - 9 (182)
20140128213056 -  - 9 (182)
20140128213124 -  - 9 (182)
20140128214331 -  - 9 (182)
20140128215529 -  - 9 (187)
20140128215655 -  - 9 (187)
20140128220154 -  - 9 (187)
20140128220246 -  - 9 (187)
20140128220831 -  - 9 (187)
20140128220918 -  - 9 (187)
20140128221013 -  - 9 (187)
20140128221147 -  - 9 (187)
20140128221241 -  - 9 (184)
20140130193752 -  - 9 (184)
20140130193837 -  - 258 (185)
20140130193837 -  - 9 (184)
20140130193911 -  - 9 (184)
20140130193951 -  - 9 (184)
20140130194036 -  - 9 (184)
20140130194200 -  - 9 (184)
20140130194244 -  - 9 (184)
20140130194324 -  - 9 (184)
20140130200952 -  - 9 (184)
20140130201141 -  - 9 (184)
20140130201355 -  - 9 (184)
20140130201441 -  - 9 (184)
20140130201517 -  - 9 (184)
20140130214511 -  - 9 (184)
20140130215221 -  - 9 (184)
20140130215348 -  - 9 (184)
20140130215703 -  - 9 (184)
20140130215739 -  - 9 (184)
20140130215814 -  - 9 (184)
20140130215907 -  - 9 (184)
20140130220007 -  - 9 (184)
20140130220135 -  - 9 (184)
20140130220307 -  - 9 (184)
20140130220357 -  - 9 (184)
20140130220425 -  - 9 (184)
20140130220459 -  - 9 (184)
20140130224443 -  - 9 (184)
20140130224546 -  - 9 (186)
20140130225019 -  - 9 (186)
20140130225216 -  - 9 (186)
20140130225409 -  - 9 (186)
20140130225626 -  - 9 (186)
20140130225856 -  - 9 (186)
20140130230057 -  - 9 (186)
20140130230248 -  - 9 (186)
20140130230342 -  - 9 (186)
20140130230440 -  - 9 (186)
20140130230535 -  - 9 (186)
20140130230709 -  - 9 (186)
20140130230741 -  - 9 (186)
20140130230811 -  - 9 (186)
20140130230955 -  - 9 (186)
20140130231129 -  - 9 (186)
20140130231409 -  - 9 (186)
20140130231548 -  - 9 (186)
20140130231822 -  - 9 (186)
20140130232058 -  - 9 (186)
20140130232239 -  - 9 (186)
20140130232507 -  - 9 (186)
20140130232738 -  - 9 (189)
20140130232903 -  - 9 (189)
20140130233159 -  - 9 (189)
20140130233343 -  - 9 (189)
20140130233528 -  - 9 (189)
20140130233558 -  - 9 (189)
20140130233746 -  - 9 (189)
20140130233816 -  - 9 (189)
20140130233843 -  - 9 (189)
20140130233924 -  - 9 (189)
20140130234039 -  - 9 (189)
20140130234340 -  - 9 (189)
20140130234502 -  - 9 (189)
20140130234534 -  - 9 (189)
20140130234609 -  - 9 (189)
20140130234748 -  - 9 (189)
20140130234920 -  - 9 (189)
20140130235338 -  - 9 (189)
20140130235421 -  - 9 (189)
20140130235525 -  - 9 (189)
20140130235615 -  - 9 (189)
20140130235724 -  - 9 (189)
20140130235825 -  - 9 (189)
20140130235911 -  - 9 (189)
20140131000032 -  - 9 (189)
20140131000113 -  - 9 (189)
20140131164614 -  - 9 (189)
20140131172743 -  - 9 (189)
20140201141838 -  - 9 (189)
20140201142105 -  - 9 (189)
20140201142214 -  - 9 (189)
20140201143704 -  - 9 (189)
20140201143809 -  - 9 (189)
20140201143938 -  - 9 (189)
20140201144104 -  - 9 (189)
20140201144305 -  - 9 (189)
20140201144359 -  - 9 (189)
20140201144705 -  - 9 (189)
20140201144753 -  - 9 (189)
20140201145122 -  - 9 (189)
20140201145225 -  - 9 (189)
20140201145545 -  - 9 (189)
20140201145911 -  - 9 (189)
20140201150028 -  - 9 (189)
20140201150047 -  - 62 (70)
20140201150243 -  - 9 (189)
20140201150325 -  - 9 (189)
20140201150415 -  - 9 (189)
20140201150458 -  - 9 (189)
20140201150958 -  - 9 (189)
20140201151133 -  - 9 (189)
20140201151311 -  - 9 (189)
20140201151405 -  - 9 (189)
20140201151635 -  - 9 (189)
20140201151719 -  - 9 (189)
20140201151934 -  - 9 (189)
20140201152043 -  - 9 (189)
20140201152119 -  - 9 (189)
20140201152207 -  - 9 (189)
20140201152303 -  - 9 (189)
20140201152535 -  - 9 (189)
20140201152629 -  - 9 (189)
20140201152710 -  - 9 (189)
20140201152751 -  - 9 (189)
20140201152905 -  - 9 (189)
20140201153023 -  - 9 (189)
20140201153104 -  - 9 (189)
20140201153146 -  - 9 (189)
20140201154208 -  - 9 (189)
20140201154426 -  - 9 (189)
20140201154455 -  - 9 (189)
20140201163000 -  - 9 (189)
20140201164933 -  - 9 (189)
20140201165009 -  - 9 (189)
20140201165048 -  - 9 (191)
20140201165621 -  - 9 (191)
20140201165710 -  - 9 (191)
20140201165809 -  - 9 (191)
20140201165941 -  - 9 (191)
20140201170203 -  - 9 (191)
20140201170257 -  - 9 (191)
20140201170351 -  - 9 (191)
20140201170503 -  - 9 (191)
20140201170606 -  - 9 (191)
20140201170712 -  - 9 (191)
20140201171000 -  - 9 (191)
20140201171055 -  - 9 (191)
20140201171214 -  - 9 (191)
20140201171305 -  - 9 (191)
20140201171632 -  - 9 (191)
20140201171740 -  - 9 (191)
20140201171813 -  - 9 (191)
20140201173334 -  - 9 (191)
20140201174200 -  - 9 (191)
20140201180542 -  - 9 (191)
20140201181741 -  - 9 (191)
20140201181820 -  - 9 (191)
20140201182427 -  - 9 (191)
20140201183037 -  - 9 (191)
20140201183411 -  - 9 (191)
20140201183514 -  - 9 (191)
20140201183821 -  - 9 (191)
20140201184535 -  - 9 (191)
20140201185121 -  - 9 (191)
20140201190109 -  - 9 (191)
20140201190207 -  - 9 (191)
20140201190325 -  - 9 (191)
20140201190404 -  - 9 (191)
20140201190545 -  - 9 (191)
20140201190813 -  - 9 (191)
20140201190942 -  - 9 (191)
20140201191113 -  - 9 (191)
20140201191216 -  - 9 (191)
20140201191311 -  - 9 (191)
20140201191418 -  - 9 (191)
20140201191516 -  - 9 (191)
20140201191606 -  - 9 (191)
20140201191651 -  - 9 (191)
20140201191957 -  - 9 (191)
20140201192138 -  - 9 (191)
20140201192147 -  - 9 (191)
20140201192243 -  - 9 (191)
20140201192356 -  - 9 (191)
20140201192652 -  - 9 (191)
20140201192853 -  - 9 (191)
20140201192953 -  - 9 (191)
20140201200205 -  - 9 (191)
20140201200301 -  - 9 (191)
20140201200528 -  - 9 (191)
20140201201020 -  - 9 (191)
20140201201752 -  - 9 (191)
20140201201854 -  - 9 (191)
20140201202006 -  - 9 (192)
20140201202006 -  - 9 (64)
20140201202017 -  - 9 (192)
20140201202017 -  - 9 (64)
20140201202046 -  - 9 (192)
20140201202129 -  - 9 (192)
20140201202231 -  - 9 (192)
20140201202343 -  - 9 (192)
20140201202459 -  - 9 (192)
20140201203725 -  - 9 (192)
20140201203900 -  - 9 (192)
20140201203947 -  - 9 (192)
20140201204138 -  - 9 (192)
20140201204252 -  - 9 (192)
20140201204414 -  - 9 (192)
20140201204732 -  - 9 (192)
20140201204936 -  - 9 (192)
20140201204952 -  - 5 (192)
20140201205054 -  - 9 (192)
20140201205353 -  - 9 (192)
20140201205637 -  - 9 (192)
20140201205736 -  - 9 (192)
20140201210054 -  - 9 (192)
20140201210507 -  - 9 (192)
20140201210607 -  - 9 (192)
20140201210716 -  - 9 (192)
20140201210836 -  - 9 (192)
20140201211039 -  - 9 (192)
20140201211158 -  - 9 (192)
20140201211251 -  - 9 (192)
20140201212012 -  - 9 (192)
20140201212202 -  - 9 (192)
20140201212234 -  - 9 (192)
20140201212319 -  - 9 (192)
20140201212452 -  - 9 (192)
20140201212618 -  - 9 (192)
20140201223358 -  - 9 (192)
20140201223639 -  - 9 (192)
20140201223836 -  - 9 (192)
20140201224010 -  - 9 (192)
20140201224053 -  - 9 (192)
20140201224208 -  - 9 (192)
20140201224311 -  - 9 (192)
20140201224356 -  - 9 (192)
20140201224441 -  - 9 (192)
20140201224514 -  - 9 (192)
20140201224717 -  - 9 (192)
20140201224744 -  - 9 (192)
20140201224834 -  - 9 (192)
20140201224936 -  - 9 (192)
20140201225116 -  - 9 (192)
20140201225202 -  - 9 (192)
20140201225258 -  - 9 (192)
20140201225407 -  - 9 (192)
20140201225512 -  - 9 (192)
20140201225607 -  - 9 (192)
20140201225815 -  - 9 (192)
20140201225902 -  - 9 (192)
20140201230158 -  - 9 (192)
20140201230220 -  - 9 (192)
20140201231121 -  - 9 (192)
20140201231356 -  - 9 (192)
20140201231617 -  - 9 (192)
20140201231805 -  - 9 (192)
20140201232022 -  - 9 (192)
20140201232157 -  - 9 (192)
20140201232317 -  - 9 (192)
20140201232522 -  - 9 (192)
20140201232815 -  - 9 (192)
20140201232908 -  - 9 (192)
20140201233344 -  - 9 (192)
20140201233347 -  - 9 (193)
20140201233427 -  - 9 (192)
20140201233431 -  - 9 (193)
20140201233520 -  - 9 (192)
20140201233525 -  - 9 (193)
20140201233710 -  - 9 (192)
20140201233803 -  - 9 (192)
20140201234255 -  - 9 (192)
20140201234321 -  - 62 (73)
20140201234604 -  - 9 (192)
20140201234705 -  - 9 (192)
20140202103244 -  - 9 (203)
20140202103417 -  - 9 (203)
20140202103738 -  - 9 (203)
20140202103944 -  - 9 (203)
20140202104853 -  - 9 (203)
20140202104952 -  - 9 (203)
20140202105104 -  - 9 (203)
20140202105239 -  - 9 (203)
20140202105328 -  - 9 (203)
20140202105459 -  - 9 (203)
20140202105654 -  - 9 (203)
20140202105810 -  - 9 (203)
20140202110254 -  - 9 (203)
20140202110451 -  - 9 (203)
20140202110556 -  - 9 (203)
20140202110644 -  - 9 (203)
20140202110716 -  - 9 (203)
20140202110758 -  - 9 (203)
20140202110850 -  - 9 (203)
20140202111108 -  - 9 (203)
20140202112212 -  - 9 (203)
20140202112215 -  - 9 (204)
20140202112308 -  - 9 (203)
20140202112310 -  - 9 (204)
20140202112402 -  - 9 (203)
20140202112602 -  - 9 (203)
20140202112751 -  - 9 (203)
20140202112907 -  - 9 (203)
20140202113120 -  - 9 (203)
20140202113258 -  - 9 (203)
20140202113601 -  - 9 (203)
20140202113741 -  - 9 (203)
20140202113853 -  - 9 (203)
20140202113923 -  - 9 (203)
20140202114003 -  - 9 (203)
20140202114057 -  - 9 (203)
20140202114157 -  - 9 (203)
20140202114328 -  - 9 (203)
20140202114451 -  - 9 (203)
20140202203256 -  - 9 (203)
20140206164907 -  - 9 (203)
20140206172652 -  - 9 (197)
20140206172652 -  - 5 (197)
20140206172701 -  - 9 (197)
20140206172701 -  - 5 (197)
20140206172955 -  - 9 (197)
20140206172955 -  - 5 (197)
20140206173923 -  - 9 (197)
20140206174349 -  - 9 (197)
20140206180340 -  - 9 (197)
20140206181606 -  - 9 (197)
20140206181627 -  - 62 (67)
20140206182029 -  - 9 (197)
20140206192023 -  - 9 (197)
20140206192118 -  - 9 (197)
20140206210251 -  - 9 (197)
20140207173215 -  - 9 (197)
20140207173337 -  - 9 (197)
20140207173413 -  - 9 (197)
20140207173501 -  - 9 (197)
20140207173535 -  - 9 (197)
20140207174833 -  - 9 (197)
20140207175043 -  - 9 (197)
20140207175123 -  - 9 (197)
20140207175219 -  - 9 (197)
20140207180220 -  - 9 (197)
20140207180326 -  - 9 (197)
20140207180409 -  - 9 (197)
20140207180831 -  - 9 (197)
20140208174305 -  - 9 (196)
20140208174636 -  - 9 (196)
20140208174729 -  - 9 (196)
20140209142426 -  - 9 (196)
20140209142845 -  - 9 (196)
20140209143106 -  - 9 (197)
20140209143148 -  - 9 (197)
20140209143224 -  - 9 (197)
20140209143257 -  - 9 (197)
20140209143332 -  - 9 (197)
20140209143342 -  - 62 (78)
20140209143439 -  - 9 (197)
20140209143517 -  - 9 (197)
20140209143546 -  - 9 (197)
20140209143645 -  - 9 (197)
20140209143741 -  - 9 (197)
20140209151852 -  - 9 (197)
20140209152148 -  - 9 (197)
20140209152532 -  - 9 (197)
20140209152945 -  - 9 (197)
20140209153055 -  - 9 (197)
20140209153206 -  - 9 (197)
20140209153923 -  - 9 (197)
20140209154009 -  - 9 (197)
20140209154237 -  - 9 (197)
20140209154427 -  - 9 (197)
20140209154658 -  - 9 (197)
20140209154808 -  - 9 (197)
20140209154913 -  - 9 (197)
20140209155157 -  - 9 (197)
20140209155317 -  - 9 (197)
20140209155747 -  - 9 (197)
20140209160033 -  - 9 (197)
20140209160218 -  - 9 (197)
20140209160251 -  - 9 (197)
20140209160428 -  - 9 (197)
20140209160604 -  - 9 (197)
20140209160730 -  - 9 (197)
20140209161224 -  - 9 (197)
20140209161737 -  - 9 (197)
20140209161841 -  - 9 (197)
20140209161917 -  - 9 (197)
20140209162009 -  - 9 (197)
20140209162102 -  - 9 (197)
20140209162351 -  - 9 (197)
20140209162441 -  - 9 (197)
20140209162525 -  - 9 (197)
20140209162728 -  - 9 (197)
20140209162930 -  - 9 (197)
20140209163034 -  - 9 (197)
20140209163252 -  - 9 (197)
20140209163348 -  - 9 (197)
20140209163427 -  - 9 (197)
20140209163553 -  - 9 (197)
20140209164321 -  - 9 (197)
20140209222855 -  - 9 (197)
20140210181024 -  - 9 (197)
20140210181125 -  - 9 (197)
20140210181600 -  - 9 (197)
20140210181756 -  - 9 (197)
20140210181839 -  - 5 (197)
20140210182102 -  - 9 (197)
20140210182245 -  - 9 (197)
20140210182414 -  - 9 (197)
20140210182541 -  - 9 (197)
20140210182622 -  - 9 (197)
20140210182656 -  - 9 (197)
20140210182740 -  - 9 (197)
20140210182901 -  - 9 (197)
20140210182928 -  - 9 (197)
20140210183126 -  - 9 (197)
20140210183352 -  - 9 (197)
20140213193917 -  - 9 (197)
20140213194647 -  - 9 (199)
20140214163959 -  - 9 (199)
20140214165139 -  - 9 (201)
20140214165417 -  - 9 (215)
20140214165446 -  - 9 (215)
20140214210523 -  - 9 (215)
20140214210641 -  - 9 (215)
20140214212224 -  - 258 (215)
20140214212224 -  - 9 (215)
20140214212254 -  - 258 (215)
20140214212254 -  - 9 (215)
20140214212336 -  - 9 (215)
20140215123549 -  - 9 (216)
20140215125130 -  - 258 (217)
20140215125130 -  - 9 (217)
20140215125929 -  - 9 (217)
20140215130457 -  - 9 (217)
20140215130739 -  - 9 (217)
20140215130930 -  - 9 (217)
20140215133954 -  - 9 (217)
20140215134040 -  - 9 (217)
20140215152516 -  - 9 (217)
20140215152633 -  - 9 (217)
20140215153243 -  - 9 (217)
20140215153314 -  - 9 (217)
20140215153448 -  - 9 (217)
20140215153526 -  - 9 (217)
20140215153608 -  - 9 (217)
20140215153826 -  - 9 (217)
20140215154340 -  - 9 (217)
20140215155145 -  - 9 (217)
20140215155237 -  - 9 (217)
20140215155538 -  - 9 (217)
20140215155623 -  - 9 (217)
20140215155738 -  - 9 (217)
20140215155853 -  - 9 (217)
20140215160237 -  - 9 (217)
20140215160341 -  - 52 (44)
20140215160341 -  - 9 (228)
20140215160442 -  - 52 (44)
20140215160442 -  - 9 (228)
20140215160442 -  - 9 (86)
20140215160442 -  - 9 (87)
20140215160442 -  - 9 (88)
20140215160442 -  - 9 (89)
20140215160527 -  - 52 (44)
20140215160527 -  - 9 (228)
20140215160606 -  - 9 (230)
20140215160807 -  - 9 (230)
20140215160843 -  - 9 (230)
20140215160938 -  - 9 (230)
20140215160938 -  - 9 (88)
20140215160938 -  - 9 (89)
20140215160938 -  - 9 (90)
20140215160938 -  - 9 (91)
20140215161016 -  - 9 (230)
20140215161016 -  - 9 (88)
20140215161016 -  - 9 (89)
20140215161016 -  - 9 (90)
20140215161016 -  - 9 (91)
20140215161136 -  - 9 (230)
20140215161136 -  - 9 (88)
20140215161136 -  - 9 (89)
20140215161136 -  - 9 (90)
20140215161136 -  - 9 (91)
20140215161314 -  - 62 (100)
20140215161416 -  - 9 (230)
20140215161416 -  - 9 (88)
20140215161416 -  - 9 (89)
20140215161416 -  - 9 (90)
20140215161416 -  - 9 (91)
20140215161524 -  - 9 (230)
20140215161524 -  - 9 (88)
20140215161524 -  - 9 (89)
20140215161524 -  - 9 (90)
20140215161524 -  - 9 (91)
20140215161640 -  - 9 (230)
20140215161640 -  - 9 (88)
20140215161640 -  - 9 (89)
20140215161640 -  - 9 (90)
20140215161640 -  - 9 (91)
20140215161801 -  - 9 (230)
20140215161801 -  - 9 (88)
20140215161801 -  - 9 (89)
20140215161801 -  - 9 (90)
20140215161801 -  - 9 (91)
20140215161950 -  - 9 (230)
20140215161950 -  - 9 (88)
20140215161950 -  - 9 (89)
20140215161950 -  - 9 (90)
20140215161950 -  - 9 (91)
20140215162039 -  - 9 (230)
20140215162039 -  - 9 (88)
20140215162039 -  - 9 (89)
20140215162039 -  - 9 (90)
20140215162039 -  - 9 (91)
20140215162129 -  - 9 (230)
20140215162129 -  - 9 (88)
20140215162129 -  - 9 (89)
20140215162129 -  - 9 (90)
20140215162129 -  - 9 (91)
20140215162212 -  - 9 (230)
20140215162212 -  - 9 (88)
20140215162212 -  - 9 (89)
20140215162212 -  - 9 (90)
20140215162212 -  - 9 (91)
20140215162311 -  - 9 (230)
20140215163112 -  - 9 (230)
20140215163305 -  - 9 (230)
20140215163438 -  - 9 (230)
20140215163510 -  - 9 (230)
20140215163607 -  - 9 (219)
20140215163711 -  - 9 (219)
20140215163811 -  - 9 (219)
20140215163916 -  - 9 (219)
20140215163928 -  - 9 (219)
20140215164027 -  - 9 (219)
20140215164134 -  - 9 (219)
20140215164302 -  - 9 (219)
20140215164546 -  - 9 (219)
20140215164642 -  - 9 (219)
20140215165712 -  - 9 (219)
20140215165906 -  - 9 (219)
20140215170130 -  - 9 (219)
20140215170256 -  - 9 (219)
20140215170456 -  - 9 (219)
20140215170459 -  - 62 (100)
20140215170535 -  - 9 (219)
20140215170744 -  - 9 (219)
20140215170915 -  - 9 (219)
20140215171241 -  - 9 (219)
20140215171401 -  - 9 (219)
20140215171600 -  - 9 (219)
20140215171813 -  - 9 (219)
20140215171938 -  - 9 (219)
20140215172003 -  - 9 (219)
20140215172216 -  - 9 (219)
20140215172401 -  - 9 (219)
20140215172536 -  - 9 (219)
20140215172645 -  - 9 (219)
20140215172851 -  - 9 (219)
20140215172952 -  - 9 (219)
20140215173541 -  - 9 (219)
20140215174737 -  - 9 (219)
20140215174928 -  - 9 (219)
20140215175041 -  - 9 (219)
20140215175217 -  - 9 (219)
20140215175324 -  - 9 (219)
20140215175412 -  - 9 (219)
20140215175550 -  - 9 (219)
20140215175655 -  - 9 (219)
20140215180354 -  - 9 (219)
20140215180600 -  - 9 (219)
20140215180633 -  - 9 (219)
20140215182639 -  - 9 (219)
20140215182710 -  - 9 (219)
20140215182849 -  - 9 (219)
20140215183001 -  - 9 (219)
20140215183122 -  - 9 (219)
20140215183235 -  - 9 (219)
20140215183333 -  - 9 (219)
20140215183428 -  - 9 (219)
20140215183707 -  - 9 (208)
20140215190136 -  - 9 (208)
20140215190525 -  - 9 (208)
20140215190637 -  - 9 (208)
20140215190711 -  - 9 (208)
20140215190827 -  - 9 (208)
20140215190929 -  - 9 (208)
20140215191400 -  - 9 (208)
20140215191427 -  - 9 (208)
20140215191503 -  - 9 (208)
20140215191537 -  - 9 (208)
20140215191614 -  - 9 (208)
20140215191651 -  - 9 (208)
20140215191801 -  - 9 (208)
20140215191837 -  - 9 (208)
20140215191906 -  - 9 (208)
20140215192201 -  - 9 (208)
20140215192746 -  - 9 (208)
20140215192818 -  - 9 (208)
20140215193006 -  - 9 (218)
20140215193116 -  - 9 (218)
20140215193208 -  - 9 (218)
20140215193254 -  - 9 (218)
20140215193338 -  - 9 (218)
20140215193557 -  - 9 (219)
20140215194438 -  - 9 (219)
20140215194439 -  - 258 (220)
20140215194557 -  - 9 (219)
20140215194638 -  - 9 (218)
20140215194651 -  - 9 (218)
20140215194736 -  - 9 (218)
20140215194810 -  - 9 (218)
20140215194900 -  - 9 (218)
20140215194930 -  - 9 (218)
20140215195534 -  - 9 (218)
20140215195652 -  - 9 (218)
20140215202407 -  - 9 (215)
20140215212549 -  - 9 (215)
20140215212648 -  - 9 (215)
20140215212746 -  - 9 (215)
20140215212822 -  - 9 (215)
20140215212901 -  - 9 (215)
20140216123947 -  - 9 (215)
20140216124711 -  - 9 (215)
20140216124748 -  - 9 (215)
20140216131906 -  - 9 (215)
20140216132921 -  - 9 (215)
20140216133342 -  - 9 (215)
20140216133744 -  - 9 (215)
20140216140858 -  - 9 (215)
20140216141129 -  - 9 (215)
20140216142309 -  - 9 (215)
20140216143334 -  - 9 (215)
20140216143523 -  - 9 (215)
20140216172258 -  - 9 (215)
20140216173144 -  - 9 (215)
20140216173751 -  - 9 (218)
20140216173805 -  - 62 (91)
20140216174026 -  - 9 (218)
20140216174156 -  - 9 (218)
20140216174312 -  - 9 (218)
20140216174550 -  - 9 (229)
20140216174627 -  - 9 (229)
20140216174715 -  - 9 (229)
20140216174920 -  - 9 (229)
20140216175932 -  - 9 (229)
20140216180439 -  - 9 (229)
20140216180613 -  - 9 (229)
20140216180658 -  - 9 (229)
20140216180745 -  - 9 (229)
20140216180906 -  - 9 (229)
20140216181431 -  - 9 (229)
20140216185017 -  - 9 (229)
20140216185215 -  - 9 (229)
20140216192127 -  - 9 (229)
20140216192217 -  - 9 (229)
20140216192329 -  - 9 (229)
20140216192409 -  - 9 (229)
20140216192529 -  - 9 (229)
20140216192626 -  - 9 (229)
20140216192746 -  - 9 (229)
20140216192817 -  - 9 (229)
20140217142655 -  - 9 (229)
20140217142758 -  - 9 (229)
20140217142904 -  - 9 (229)
20140217180024 -  - 9 (229)
20140217180213 -  - 9 (229)
20140217180421 -  - 9 (229)
20140217181247 -  - 9 (229)
20140217181347 -  - 9 (229)
20140217181620 -  - 9 (229)
20140217181825 -  - 9 (229)
20140217182050 -  - 9 (229)
20140217182342 -  - 9 (230)
20140217182432 -  - 9 (232)
20140217182607 -  - 9 (232)
20140217182914 -  - 9 (232)
20140217183219 -  - 9 (231)
20140217190921 -  - 9 (231)
20140217191946 -  - 9 (231)
20140217192203 -  - 9 (231)
20140217192515 -  - 9 (231)
20140217192556 -  - 9 (231)
20140217192831 -  - 9 (231)
20140217192954 -  - 9 (231)
20140217193102 -  - 9 (231)
20140217193153 -  - 9 (231)
20140217194752 -  - 9 (231)
20140217213520 -  - 9 (231)
20140217213702 -  - 9 (231)
20140217213949 -  - 9 (231)
20140217214042 -  - 9 (231)
20140217214122 -  - 9 (231)
20140217214439 -  - 9 (231)
20140217214525 -  - 9 (231)
20140217214626 -  - 9 (231)
20140217214711 -  - 9 (231)
20140217223914 -  - 9 (231)
20140217224046 -  - 9 (231)
20140217224407 -  - 9 (231)
20140217224622 -  - 9 (231)
20140217225548 -  - 9 (231)
20140217225632 -  - 9 (231)
20140217225725 -  - 9 (231)
20140217225811 -  - 9 (231)
20140217231903 -  - 9 (231)
20140217231958 -  - 9 (231)
20140217232015 -  - 9 (231)
20140217232051 -  - 9 (231)
20140217232145 -  - 9 (231)
20140217232219 -  - 9 (231)
20140217232259 -  - 9 (231)
20140217232412 -  - 9 (231)
20140217232636 -  - 9 (228)
20140217232726 -  - 9 (228)
20140217232926 -  - 9 (228)
20140217233106 -  - 9 (228)
20140217233127 -  - 9 (228)
20140217233358 -  - 9 (228)
20140217233644 -  - 9 (228)
20140217233804 -  - 9 (228)
20140217233816 -  - 9 (228)
20140217234007 -  - 9 (228)
20140217234330 -  - 9 (228)
20140217234408 -  - 9 (228)
20140217234544 -  - 9 (228)
20140217234724 -  - 9 (228)
20140217234800 -  - 9 (228)
20140217234931 -  - 9 (228)
20140217235042 -  - 9 (228)
20140217235714 -  - 9 (228)
20140217235857 -  - 9 (228)
20140218000004 -  - 9 (228)
20140218000018 -  - 9 (228)
20140218000225 -  - 9 (230)
20140218000429 -  - 9 (182)
20140218000547 -  - 9 (184)
20140218000647 -  - 9 (184)
20140218002908 -  - 9 (186)
20140218002952 -  - 9 (186)
20140218003021 -  - 9 (186)
20140218003147 -  - 9 (186)
20140218003453 -  - 9 (187)
20140218003544 -  - 9 (187)
20140218003619 -  - 9 (187)
20140220193246 -  - 9 (144)
20140220193326 -  - 9 (145)
20140220193401 -  - 9 (145)
20140220193459 -  - 9 (145)
20140220193854 -  - 9 (146)
20140220193923 -  - 9 (146)
20140220193953 -  - 9 (147)
20140220194024 -  - 9 (148)
20140220232154 -  - 9 (146)
20140220233435 -  - 9 (146)
20140220234048 -  - 9 (146)
20140221000116 -  - 9 (151)
20140221000242 -  - 9 (154)
20140221000313 -  - 9 (154)
20140221000355 -  - 9 (154)
20140221000421 -  - 9 (154)
20140221000558 -  - 9 (154)
20140221000626 -  - 9 (151)
20140221000652 -  - 9 (151)
20140221000722 -  - 9 (151)
20140221234323 -  - 9 (151)
20140221234534 -  - 9 (154)
20140221234607 -  - 9 (154)
20140221234656 -  - 9 (154)
20140221235246 -  - 9 (154)
20140222143809 -  - 9 (154)
20140222150016 -  - 9 (155)
20140222150115 -  - 9 (155)
20140222150237 -  - 9 (155)
20140222150317 -  - 9 (155)
20140222151903 -  - 9 (155)
20140222152032 -  - 9 (155)
20140222152112 -  - 9 (155)
20140222174349 -  - 9 (156)
20140222174729 -  - 9 (160)
20140222174803 -  - 9 (162)
20140222175131 -  - 9 (164)
20140222175541 -  - 9 (164)
20140222175651 -  - 9 (164)
20140222180015 -  - 9 (164)
20140222180045 -  - 9 (164)
20140222180159 -  - 9 (164)
20140222180235 -  - 9 (163)
20140222180340 -  - 9 (157)
20140222182351 -  - 9 (157)
20140222184001 -  - 9 (138)
20140222184129 -  - 9 (155)
20140222184350 -  - 9 (155)
20140222184436 -  - 9 (155)
20140222185459 -  - 9 (165)
20140223195431 -  - 9 (168)
20140223224715 -  - 9 (145)
20140807020839 -  - 9 (305)
20140807020840 - Initiation - 52 (81)
9 (305) x1
52 (81) x1
20140807020840->20140807020844
----------------------------------------------------------------
20140807020851 -  - 9 (305)
20140807020851 - Initiation - 52 (81)
9 (305) x1
52 (81) x1
20140807020851->20140807020932
----------------------------------------------------------------
20140807021056 -  - 9 (305)
20140807021056 - Initiation - 52 (81)
9 (305) x1
52 (81) x1
20140807021056->20140807021100
----------------------------------------------------------------
20140807021208 -  - 9 (305)
20140807021208 - Initiation - 52 (81)
9 (305) x1
52 (81) x1
20140807021208->20140807021212
----------------------------------------------------------------
20140807021217 -  - 9 (305)
20140807021217 - Initiation - 52 (81)
9 (305) x1
52 (81) x1
20140807021217->20140807021220
----------------------------------------------------------------
20180220210306 -  - 9 (305)
20180220210306 - Initiation - 52 (81)
9 (305) x1
52 (81) x1
20180220210306->20180220210317
----------------------------------------------------------------
